<?xml version="1.0" encoding="UTF-8"?>
<!-- Generated by org.testng.reporters.JUnitReportReporter -->
<testsuite skipped="99" hostname="DESKTOP-4EFQLTI" name="appium_Package.AppiumTest" tests="102" failures="0" timestamp="2020-02-26T23:09:39 GMT" time="21527.842" errors="2">
  <testcase name="login" time="23.561" classname="appium_Package.AppiumTest">
    <skipped/>
  </testcase> <!-- login -->
  <testcase name="login" time="23.364" classname="appium_Package.AppiumTest">
    <skipped/>
  </testcase> <!-- login -->
  <testcase name="login" time="0.000" classname="appium_Package.AppiumTest">
    <skipped/>
  </testcase> <!-- login -->
  <testcase name="login" time="0.000" classname="appium_Package.AppiumTest">
    <skipped/>
  </testcase> <!-- login -->
  <testcase name="login" time="0.000" classname="appium_Package.AppiumTest">
    <skipped/>
  </testcase> <!-- login -->
  <testcase name="login" time="0.000" classname="appium_Package.AppiumTest">
    <skipped/>
  </testcase> <!-- login -->
  <testcase name="login" time="0.000" classname="appium_Package.AppiumTest">
    <skipped/>
  </testcase> <!-- login -->
  <testcase name="login" time="0.000" classname="appium_Package.AppiumTest">
    <skipped/>
  </testcase> <!-- login -->
  <testcase name="login" time="0.000" classname="appium_Package.AppiumTest">
    <skipped/>
  </testcase> <!-- login -->
  <testcase name="login" time="0.000" classname="appium_Package.AppiumTest">
    <skipped/>
  </testcase> <!-- login -->
  <testcase name="login" time="0.000" classname="appium_Package.AppiumTest">
    <skipped/>
  </testcase> <!-- login -->
  <testcase name="login" time="108.416" classname="appium_Package.AppiumTest">
    <error type="org.openqa.selenium.NoSuchElementException" message="An element could not be located on the page using the given search parameters.
For documentation on this error, please visit: https://www.seleniumhq.org/exceptions/no_such_element.html
Build info: version: &#039;3.141.59&#039;, revision: &#039;e82be7d358&#039;, time: &#039;2018-11-14T08:25:48&#039;
System info: host: &#039;DESKTOP-4EFQLTI&#039;, ip: &#039;192.168.1.187&#039;, os.name: &#039;Windows 10&#039;, os.arch: &#039;amd64&#039;, os.version: &#039;10.0&#039;, java.version: &#039;1.8.0_161&#039;
Driver info: io.appium.java_client.android.AndroidDriver
Capabilities {appActivity: com.obertys.fadel.customerc..., appPackage: com.obertys.fadel.customerc..., databaseEnabled: false, desired: {appActivity: com.obertys.fadel.customerc..., appPackage: com.obertys.fadel.customerc..., deviceName: Tecno J8, noReset: true, platformName: android, platformVersion: 5.1, udid: 0153801730301908}, deviceApiLevel: 22, deviceManufacturer: TECNO, deviceModel: TECNO-J8, deviceName: 0153801730301908, deviceScreenDensity: 320, deviceScreenSize: 720x1280, deviceUDID: 0153801730301908, javascriptEnabled: true, locationContextEnabled: false, networkConnectionEnabled: true, noReset: true, pixelRatio: 2, platform: LINUX, platformName: Android, platformVersion: 5.1, statBarHeight: 50, takesScreenshot: true, udid: 0153801730301908, viewportRect: {height: 1154, left: 0, top: 50, width: 720}, warnings: {}, webStorageEnabled: false}
Session ID: e928f0eb-641e-4300-a098-8f55333fd24c
*** Element info: {Using=-android uiautomator, value=new UiScrollable(new UiSelector()).scrollIntoView(new UiSelector().text(&quot;Sénégal&quot;));}">
      <![CDATA[org.openqa.selenium.NoSuchElementException: An element could not be located on the page using the given search parameters.
For documentation on this error, please visit: https://www.seleniumhq.org/exceptions/no_such_element.html
Build info: version: '3.141.59', revision: 'e82be7d358', time: '2018-11-14T08:25:48'
System info: host: 'DESKTOP-4EFQLTI', ip: '192.168.1.187', os.name: 'Windows 10', os.arch: 'amd64', os.version: '10.0', java.version: '1.8.0_161'
Driver info: io.appium.java_client.android.AndroidDriver
Capabilities {appActivity: com.obertys.fadel.customerc..., appPackage: com.obertys.fadel.customerc..., databaseEnabled: false, desired: {appActivity: com.obertys.fadel.customerc..., appPackage: com.obertys.fadel.customerc..., deviceName: Tecno J8, noReset: true, platformName: android, platformVersion: 5.1, udid: 0153801730301908}, deviceApiLevel: 22, deviceManufacturer: TECNO, deviceModel: TECNO-J8, deviceName: 0153801730301908, deviceScreenDensity: 320, deviceScreenSize: 720x1280, deviceUDID: 0153801730301908, javascriptEnabled: true, locationContextEnabled: false, networkConnectionEnabled: true, noReset: true, pixelRatio: 2, platform: LINUX, platformName: Android, platformVersion: 5.1, statBarHeight: 50, takesScreenshot: true, udid: 0153801730301908, viewportRect: {height: 1154, left: 0, top: 50, width: 720}, warnings: {}, webStorageEnabled: false}
Session ID: e928f0eb-641e-4300-a098-8f55333fd24c
*** Element info: {Using=-android uiautomator, value=new UiScrollable(new UiSelector()).scrollIntoView(new UiSelector().text("Sénégal"));}
at sun.reflect.NativeConstructorAccessorImpl.newInstance0(Native Method)
at sun.reflect.NativeConstructorAccessorImpl.newInstance(Unknown Source)
at sun.reflect.DelegatingConstructorAccessorImpl.newInstance(Unknown Source)
at java.lang.reflect.Constructor.newInstance(Unknown Source)
at org.openqa.selenium.remote.http.W3CHttpResponseCodec.createException(W3CHttpResponseCodec.java:187)
at org.openqa.selenium.remote.http.W3CHttpResponseCodec.decode(W3CHttpResponseCodec.java:122)
at org.openqa.selenium.remote.http.W3CHttpResponseCodec.decode(W3CHttpResponseCodec.java:49)
at org.openqa.selenium.remote.HttpCommandExecutor.execute(HttpCommandExecutor.java:158)
at io.appium.java_client.remote.AppiumCommandExecutor.execute(AppiumCommandExecutor.java:239)
at org.openqa.selenium.remote.RemoteWebDriver.execute(RemoteWebDriver.java:552)
at io.appium.java_client.DefaultGenericMobileDriver.execute(DefaultGenericMobileDriver.java:41)
at io.appium.java_client.AppiumDriver.execute(AppiumDriver.java:1)
at io.appium.java_client.android.AndroidDriver.execute(AndroidDriver.java:1)
at org.openqa.selenium.remote.RemoteWebDriver.findElement(RemoteWebDriver.java:323)
at io.appium.java_client.DefaultGenericMobileDriver.findElement(DefaultGenericMobileDriver.java:61)
at io.appium.java_client.AppiumDriver.findElement(AppiumDriver.java:1)
at io.appium.java_client.android.AndroidDriver.findElement(AndroidDriver.java:1)
at io.appium.java_client.FindsByAndroidUIAutomator.findElementByAndroidUIAutomator(FindsByAndroidUIAutomator.java:38)
at io.appium.java_client.MobileBy$ByAndroidUIAutomator.findElement(MobileBy.java:210)
at org.openqa.selenium.remote.RemoteWebDriver.findElement(RemoteWebDriver.java:315)
at io.appium.java_client.DefaultGenericMobileDriver.findElement(DefaultGenericMobileDriver.java:57)
at io.appium.java_client.AppiumDriver.findElement(AppiumDriver.java:1)
at io.appium.java_client.android.AndroidDriver.findElement(AndroidDriver.java:1)
at appium_Package.AppiumTest.login(AppiumTest.java:374)
at sun.reflect.NativeMethodAccessorImpl.invoke0(Native Method)
at sun.reflect.NativeMethodAccessorImpl.invoke(Unknown Source)
at sun.reflect.DelegatingMethodAccessorImpl.invoke(Unknown Source)
at java.lang.reflect.Method.invoke(Unknown Source)
at org.testng.internal.MethodInvocationHelper.invokeMethod(MethodInvocationHelper.java:133)
at org.testng.internal.TestInvoker.invokeMethod(TestInvoker.java:584)
at org.testng.internal.TestInvoker.invokeTestMethod(TestInvoker.java:172)
at org.testng.internal.MethodRunner.runInSequence(MethodRunner.java:46)
at org.testng.internal.TestInvoker$MethodInvocationAgent.invoke(TestInvoker.java:804)
at org.testng.internal.TestInvoker.invokeTestMethods(TestInvoker.java:145)
at org.testng.internal.TestMethodWorker.invokeTestMethods(TestMethodWorker.java:146)
at org.testng.internal.TestMethodWorker.run(TestMethodWorker.java:128)
at java.util.ArrayList.forEach(Unknown Source)
at org.testng.TestRunner.privateRun(TestRunner.java:770)
at org.testng.TestRunner.run(TestRunner.java:591)
at org.testng.SuiteRunner.runTest(SuiteRunner.java:402)
at org.testng.SuiteRunner.runSequentially(SuiteRunner.java:396)
at org.testng.SuiteRunner.privateRun(SuiteRunner.java:355)
at org.testng.SuiteRunner.run(SuiteRunner.java:304)
at org.testng.SuiteRunnerWorker.runSuite(SuiteRunnerWorker.java:53)
at org.testng.SuiteRunnerWorker.run(SuiteRunnerWorker.java:96)
at org.testng.TestNG.runSuitesSequentially(TestNG.java:1180)
at org.testng.TestNG.runSuitesLocally(TestNG.java:1102)
at org.testng.TestNG.runSuites(TestNG.java:1032)
at org.testng.TestNG.run(TestNG.java:1000)
at org.testng.remote.AbstractRemoteTestNG.run(AbstractRemoteTestNG.java:115)
at org.testng.remote.RemoteTestNG.initAndRun(RemoteTestNG.java:251)
at org.testng.remote.RemoteTestNG.main(RemoteTestNG.java:77)
]]>
    </error>
  </testcase> <!-- login -->
  <testcase name="login" time="0.000" classname="appium_Package.AppiumTest">
    <skipped/>
  </testcase> <!-- login -->
  <testcase name="login" time="0.000" classname="appium_Package.AppiumTest">
    <skipped/>
  </testcase> <!-- login -->
  <testcase name="login" time="0.000" classname="appium_Package.AppiumTest">
    <skipped/>
  </testcase> <!-- login -->
  <testcase name="login" time="0.000" classname="appium_Package.AppiumTest">
    <skipped/>
  </testcase> <!-- login -->
  <testcase name="login" time="0.000" classname="appium_Package.AppiumTest">
    <skipped/>
  </testcase> <!-- login -->
  <testcase name="login" time="0.000" classname="appium_Package.AppiumTest">
    <skipped/>
  </testcase> <!-- login -->
  <testcase name="login" time="0.000" classname="appium_Package.AppiumTest">
    <skipped/>
  </testcase> <!-- login -->
  <testcase name="login" time="0.000" classname="appium_Package.AppiumTest">
    <skipped/>
  </testcase> <!-- login -->
  <testcase name="login" time="0.000" classname="appium_Package.AppiumTest">
    <skipped/>
  </testcase> <!-- login -->
  <testcase name="login" time="0.000" classname="appium_Package.AppiumTest">
    <skipped/>
  </testcase> <!-- login -->
  <testcase name="login" time="0.000" classname="appium_Package.AppiumTest">
    <skipped/>
  </testcase> <!-- login -->
  <testcase name="login" time="0.000" classname="appium_Package.AppiumTest">
    <skipped/>
  </testcase> <!-- login -->
  <testcase name="login" time="0.000" classname="appium_Package.AppiumTest">
    <skipped/>
  </testcase> <!-- login -->
  <testcase name="login" time="0.000" classname="appium_Package.AppiumTest">
    <skipped/>
  </testcase> <!-- login -->
  <testcase name="login" time="0.000" classname="appium_Package.AppiumTest">
    <skipped/>
  </testcase> <!-- login -->
  <testcase name="login" time="0.000" classname="appium_Package.AppiumTest">
    <skipped/>
  </testcase> <!-- login -->
  <testcase name="login" time="0.000" classname="appium_Package.AppiumTest">
    <skipped/>
  </testcase> <!-- login -->
  <testcase name="login" time="0.000" classname="appium_Package.AppiumTest">
    <skipped/>
  </testcase> <!-- login -->
  <testcase name="login" time="0.001" classname="appium_Package.AppiumTest">
    <skipped/>
  </testcase> <!-- login -->
  <testcase name="login" time="0.000" classname="appium_Package.AppiumTest">
    <skipped/>
  </testcase> <!-- login -->
  <testcase name="login" time="0.000" classname="appium_Package.AppiumTest">
    <skipped/>
  </testcase> <!-- login -->
  <testcase name="login" time="0.000" classname="appium_Package.AppiumTest">
    <skipped/>
  </testcase> <!-- login -->
  <testcase name="login" time="0.000" classname="appium_Package.AppiumTest">
    <skipped/>
  </testcase> <!-- login -->
  <testcase name="login" time="0.000" classname="appium_Package.AppiumTest">
    <skipped/>
  </testcase> <!-- login -->
  <testcase name="BeforeMethod" time="21372.488" classname="appium_Package.AppiumTest">
    <error type="org.openqa.selenium.SessionNotCreatedException" message="Unable to create a new remote session. Original error: unexpected end of stream on Connection{0.0.0.0:4723, proxy=DIRECT hostAddress=/0.0.0.0:4723 cipherSuite=none protocol=http/1.1}
Build info: version: &#039;3.141.59&#039;, revision: &#039;e82be7d358&#039;, time: &#039;2018-11-14T08:25:48&#039;
System info: host: &#039;DESKTOP-4EFQLTI&#039;, ip: &#039;192.168.1.187&#039;, os.name: &#039;Windows 10&#039;, os.arch: &#039;amd64&#039;, os.version: &#039;10.0&#039;, java.version: &#039;1.8.0_161&#039;
Driver info: driver.version: AndroidDriver">
      <![CDATA[org.openqa.selenium.SessionNotCreatedException: Unable to create a new remote session. Original error: unexpected end of stream on Connection{0.0.0.0:4723, proxy=DIRECT hostAddress=/0.0.0.0:4723 cipherSuite=none protocol=http/1.1}
Build info: version: '3.141.59', revision: 'e82be7d358', time: '2018-11-14T08:25:48'
System info: host: 'DESKTOP-4EFQLTI', ip: '192.168.1.187', os.name: 'Windows 10', os.arch: 'amd64', os.version: '10.0', java.version: '1.8.0_161'
Driver info: driver.version: AndroidDriver
at io.appium.java_client.remote.AppiumCommandExecutor$1.createSession(AppiumCommandExecutor.java:208)
at io.appium.java_client.remote.AppiumCommandExecutor.createSession(AppiumCommandExecutor.java:217)
at io.appium.java_client.remote.AppiumCommandExecutor.execute(AppiumCommandExecutor.java:239)
at org.openqa.selenium.remote.RemoteWebDriver.execute(RemoteWebDriver.java:552)
at io.appium.java_client.DefaultGenericMobileDriver.execute(DefaultGenericMobileDriver.java:41)
at io.appium.java_client.AppiumDriver.execute(AppiumDriver.java:1)
at io.appium.java_client.android.AndroidDriver.execute(AndroidDriver.java:1)
at org.openqa.selenium.remote.RemoteWebDriver.startSession(RemoteWebDriver.java:213)
at io.appium.java_client.AppiumDriver.startSession(AppiumDriver.java:336)
at org.openqa.selenium.remote.RemoteWebDriver.<init>(RemoteWebDriver.java:131)
at io.appium.java_client.DefaultGenericMobileDriver.<init>(DefaultGenericMobileDriver.java:37)
at io.appium.java_client.AppiumDriver.<init>(AppiumDriver.java:88)
at io.appium.java_client.AppiumDriver.<init>(AppiumDriver.java:98)
at io.appium.java_client.android.AndroidDriver.<init>(AndroidDriver.java:94)
at appium_Package.AppiumTest.BeforeMethod(AppiumTest.java:59)
at sun.reflect.NativeMethodAccessorImpl.invoke0(Native Method)
at sun.reflect.NativeMethodAccessorImpl.invoke(Unknown Source)
at sun.reflect.DelegatingMethodAccessorImpl.invoke(Unknown Source)
at java.lang.reflect.Method.invoke(Unknown Source)
at org.testng.internal.MethodInvocationHelper.invokeMethod(MethodInvocationHelper.java:133)
at org.testng.internal.MethodInvocationHelper.invokeMethodConsideringTimeout(MethodInvocationHelper.java:62)
at org.testng.internal.ConfigInvoker.invokeConfigurationMethod(ConfigInvoker.java:340)
at org.testng.internal.ConfigInvoker.invokeConfigurations(ConfigInvoker.java:294)
at org.testng.internal.TestInvoker.runConfigMethods(TestInvoker.java:683)
at org.testng.internal.TestInvoker.invokeMethod(TestInvoker.java:510)
at org.testng.internal.TestInvoker.invokeTestMethod(TestInvoker.java:172)
at org.testng.internal.MethodRunner.runInSequence(MethodRunner.java:46)
at org.testng.internal.TestInvoker$MethodInvocationAgent.invoke(TestInvoker.java:804)
at org.testng.internal.TestInvoker.invokeTestMethods(TestInvoker.java:145)
at org.testng.internal.TestMethodWorker.invokeTestMethods(TestMethodWorker.java:146)
at org.testng.internal.TestMethodWorker.run(TestMethodWorker.java:128)
at java.util.ArrayList.forEach(Unknown Source)
at org.testng.TestRunner.privateRun(TestRunner.java:770)
at org.testng.TestRunner.run(TestRunner.java:591)
at org.testng.SuiteRunner.runTest(SuiteRunner.java:402)
at org.testng.SuiteRunner.runSequentially(SuiteRunner.java:396)
at org.testng.SuiteRunner.privateRun(SuiteRunner.java:355)
at org.testng.SuiteRunner.run(SuiteRunner.java:304)
at org.testng.SuiteRunnerWorker.runSuite(SuiteRunnerWorker.java:53)
at org.testng.SuiteRunnerWorker.run(SuiteRunnerWorker.java:96)
at org.testng.TestNG.runSuitesSequentially(TestNG.java:1180)
at org.testng.TestNG.runSuitesLocally(TestNG.java:1102)
at org.testng.TestNG.runSuites(TestNG.java:1032)
at org.testng.TestNG.run(TestNG.java:1000)
at org.testng.remote.AbstractRemoteTestNG.run(AbstractRemoteTestNG.java:115)
at org.testng.remote.RemoteTestNG.initAndRun(RemoteTestNG.java:251)
at org.testng.remote.RemoteTestNG.main(RemoteTestNG.java:77)
Caused by: java.lang.reflect.InvocationTargetException
at sun.reflect.NativeMethodAccessorImpl.invoke0(Native Method)
at sun.reflect.NativeMethodAccessorImpl.invoke(Unknown Source)
at sun.reflect.DelegatingMethodAccessorImpl.invoke(Unknown Source)
at java.lang.reflect.Method.invoke(Unknown Source)
at io.appium.java_client.remote.AppiumCommandExecutor$1.createSession(AppiumCommandExecutor.java:186)
... 46 more
Caused by: java.io.IOException: unexpected end of stream on Connection{0.0.0.0:4723, proxy=DIRECT hostAddress=/0.0.0.0:4723 cipherSuite=none protocol=http/1.1}
at okhttp3.internal.http1.Http1Codec.readResponseHeaders(Http1Codec.java:208)
at okhttp3.internal.http.CallServerInterceptor.intercept(CallServerInterceptor.java:88)
at okhttp3.internal.http.RealInterceptorChain.proceed(RealInterceptorChain.java:147)
at okhttp3.internal.http.RealInterceptorChain.proceed(RealInterceptorChain.java:121)
at org.openqa.selenium.remote.internal.OkHttpClient$Factory$1.lambda$createClient$1(OkHttpClient.java:152)
at okhttp3.internal.http.RealInterceptorChain.proceed(RealInterceptorChain.java:147)
at okhttp3.internal.connection.ConnectInterceptor.intercept(ConnectInterceptor.java:45)
at okhttp3.internal.http.RealInterceptorChain.proceed(RealInterceptorChain.java:147)
at okhttp3.internal.http.RealInterceptorChain.proceed(RealInterceptorChain.java:121)
at okhttp3.internal.cache.CacheInterceptor.intercept(CacheInterceptor.java:93)
at okhttp3.internal.http.RealInterceptorChain.proceed(RealInterceptorChain.java:147)
at okhttp3.internal.http.RealInterceptorChain.proceed(RealInterceptorChain.java:121)
at okhttp3.internal.http.BridgeInterceptor.intercept(BridgeInterceptor.java:93)
at okhttp3.internal.http.RealInterceptorChain.proceed(RealInterceptorChain.java:147)
at okhttp3.internal.http.RetryAndFollowUpInterceptor.intercept(RetryAndFollowUpInterceptor.java:126)
at okhttp3.internal.http.RealInterceptorChain.proceed(RealInterceptorChain.java:147)
at okhttp3.internal.http.RealInterceptorChain.proceed(RealInterceptorChain.java:121)
at okhttp3.RealCall.getResponseWithInterceptorChain(RealCall.java:200)
at okhttp3.RealCall.execute(RealCall.java:77)
at org.openqa.selenium.remote.internal.OkHttpClient.execute(OkHttpClient.java:103)
at org.openqa.selenium.remote.ProtocolHandshake.createSession(ProtocolHandshake.java:105)
... 51 more
Caused by: java.io.EOFException: \n not found: limit=0 content=…
at okio.RealBufferedSource.readUtf8LineStrict(RealBufferedSource.java:237)
at okhttp3.internal.http1.Http1Codec.readHeaderLine(Http1Codec.java:215)
at okhttp3.internal.http1.Http1Codec.readResponseHeaders(Http1Codec.java:189)
... 71 more
]]>
    </error>
  </testcase> <!-- BeforeMethod -->
  <testcase name="login" time="0.000" classname="appium_Package.AppiumTest">
    <skipped/>
  </testcase> <!-- login -->
  <testcase name="login" time="0.000" classname="appium_Package.AppiumTest">
    <skipped/>
  </testcase> <!-- login -->
  <testcase name="f" time="0.012" classname="appium_Package.AppiumTest"/>
  <testcase name="login" time="0.000" classname="appium_Package.AppiumTest">
    <skipped/>
  </testcase> <!-- login -->
  <testcase name="login" time="0.000" classname="appium_Package.AppiumTest">
    <skipped/>
  </testcase> <!-- login -->
  <testcase name="login" time="0.000" classname="appium_Package.AppiumTest">
    <skipped/>
  </testcase> <!-- login -->
  <testcase name="login" time="0.000" classname="appium_Package.AppiumTest">
    <skipped/>
  </testcase> <!-- login -->
  <testcase name="login" time="0.000" classname="appium_Package.AppiumTest">
    <skipped/>
  </testcase> <!-- login -->
  <testcase name="login" time="0.000" classname="appium_Package.AppiumTest">
    <skipped/>
  </testcase> <!-- login -->
  <testcase name="login" time="0.000" classname="appium_Package.AppiumTest">
    <skipped/>
  </testcase> <!-- login -->
  <testcase name="login" time="0.000" classname="appium_Package.AppiumTest">
    <skipped/>
  </testcase> <!-- login -->
  <testcase name="login" time="0.000" classname="appium_Package.AppiumTest">
    <skipped/>
  </testcase> <!-- login -->
  <testcase name="login" time="0.000" classname="appium_Package.AppiumTest">
    <skipped/>
  </testcase> <!-- login -->
  <testcase name="login" time="0.000" classname="appium_Package.AppiumTest">
    <skipped/>
  </testcase> <!-- login -->
  <testcase name="login" time="0.000" classname="appium_Package.AppiumTest">
    <skipped/>
  </testcase> <!-- login -->
  <testcase name="login" time="0.000" classname="appium_Package.AppiumTest">
    <skipped/>
  </testcase> <!-- login -->
  <testcase name="login" time="0.000" classname="appium_Package.AppiumTest">
    <skipped/>
  </testcase> <!-- login -->
  <testcase name="login" time="0.000" classname="appium_Package.AppiumTest">
    <skipped/>
  </testcase> <!-- login -->
  <testcase name="login" time="0.000" classname="appium_Package.AppiumTest">
    <skipped/>
  </testcase> <!-- login -->
  <testcase name="login" time="0.000" classname="appium_Package.AppiumTest">
    <skipped/>
  </testcase> <!-- login -->
  <testcase name="login" time="0.000" classname="appium_Package.AppiumTest">
    <skipped/>
  </testcase> <!-- login -->
  <testcase name="login" time="0.000" classname="appium_Package.AppiumTest">
    <skipped/>
  </testcase> <!-- login -->
  <testcase name="login" time="0.000" classname="appium_Package.AppiumTest">
    <skipped/>
  </testcase> <!-- login -->
  <testcase name="login" time="0.000" classname="appium_Package.AppiumTest">
    <skipped/>
  </testcase> <!-- login -->
  <testcase name="login" time="0.000" classname="appium_Package.AppiumTest">
    <skipped/>
  </testcase> <!-- login -->
  <testcase name="login" time="0.000" classname="appium_Package.AppiumTest">
    <skipped/>
  </testcase> <!-- login -->
  <testcase name="login" time="0.000" classname="appium_Package.AppiumTest">
    <skipped/>
  </testcase> <!-- login -->
  <testcase name="login" time="0.000" classname="appium_Package.AppiumTest">
    <skipped/>
  </testcase> <!-- login -->
  <testcase name="login" time="0.000" classname="appium_Package.AppiumTest">
    <skipped/>
  </testcase> <!-- login -->
  <testcase name="login" time="0.000" classname="appium_Package.AppiumTest">
    <skipped/>
  </testcase> <!-- login -->
  <testcase name="login" time="0.000" classname="appium_Package.AppiumTest">
    <skipped/>
  </testcase> <!-- login -->
  <testcase name="login" time="0.000" classname="appium_Package.AppiumTest">
    <skipped/>
  </testcase> <!-- login -->
  <testcase name="login" time="0.000" classname="appium_Package.AppiumTest">
    <skipped/>
  </testcase> <!-- login -->
  <testcase name="login" time="0.000" classname="appium_Package.AppiumTest">
    <skipped/>
  </testcase> <!-- login -->
  <testcase name="login" time="0.000" classname="appium_Package.AppiumTest">
    <skipped/>
  </testcase> <!-- login -->
  <testcase name="login" time="0.000" classname="appium_Package.AppiumTest">
    <skipped/>
  </testcase> <!-- login -->
  <testcase name="login" time="0.000" classname="appium_Package.AppiumTest">
    <skipped/>
  </testcase> <!-- login -->
  <testcase name="login" time="0.000" classname="appium_Package.AppiumTest">
    <skipped/>
  </testcase> <!-- login -->
  <testcase name="login" time="0.000" classname="appium_Package.AppiumTest">
    <skipped/>
  </testcase> <!-- login -->
  <testcase name="login" time="0.000" classname="appium_Package.AppiumTest">
    <skipped/>
  </testcase> <!-- login -->
  <testcase name="login" time="0.000" classname="appium_Package.AppiumTest">
    <skipped/>
  </testcase> <!-- login -->
  <testcase name="login" time="0.000" classname="appium_Package.AppiumTest">
    <skipped/>
  </testcase> <!-- login -->
  <testcase name="login" time="0.000" classname="appium_Package.AppiumTest">
    <skipped/>
  </testcase> <!-- login -->
  <testcase name="login" time="0.000" classname="appium_Package.AppiumTest">
    <skipped/>
  </testcase> <!-- login -->
  <testcase name="login" time="0.000" classname="appium_Package.AppiumTest">
    <skipped/>
  </testcase> <!-- login -->
  <testcase name="login" time="0.000" classname="appium_Package.AppiumTest">
    <skipped/>
  </testcase> <!-- login -->
  <testcase name="login" time="0.000" classname="appium_Package.AppiumTest">
    <skipped/>
  </testcase> <!-- login -->
  <testcase name="login" time="0.000" classname="appium_Package.AppiumTest">
    <skipped/>
  </testcase> <!-- login -->
  <testcase name="login" time="0.000" classname="appium_Package.AppiumTest">
    <skipped/>
  </testcase> <!-- login -->
  <testcase name="login" time="0.000" classname="appium_Package.AppiumTest">
    <skipped/>
  </testcase> <!-- login -->
  <testcase name="login" time="0.000" classname="appium_Package.AppiumTest">
    <skipped/>
  </testcase> <!-- login -->
  <testcase name="login" time="0.000" classname="appium_Package.AppiumTest">
    <skipped/>
  </testcase> <!-- login -->
  <testcase name="login" time="0.000" classname="appium_Package.AppiumTest">
    <skipped/>
  </testcase> <!-- login -->
  <testcase name="login" time="0.000" classname="appium_Package.AppiumTest">
    <skipped/>
  </testcase> <!-- login -->
  <testcase name="login" time="0.000" classname="appium_Package.AppiumTest">
    <skipped/>
  </testcase> <!-- login -->
  <testcase name="login" time="0.000" classname="appium_Package.AppiumTest">
    <skipped/>
  </testcase> <!-- login -->
  <testcase name="login" time="0.000" classname="appium_Package.AppiumTest">
    <skipped/>
  </testcase> <!-- login -->
  <testcase name="login" time="0.000" classname="appium_Package.AppiumTest">
    <skipped/>
  </testcase> <!-- login -->
  <testcase name="login" time="0.000" classname="appium_Package.AppiumTest">
    <skipped/>
  </testcase> <!-- login -->
  <testcase name="login" time="0.000" classname="appium_Package.AppiumTest">
    <skipped/>
  </testcase> <!-- login -->
  <testcase name="login" time="0.000" classname="appium_Package.AppiumTest">
    <skipped/>
  </testcase> <!-- login -->
  <testcase name="login" time="0.000" classname="appium_Package.AppiumTest">
    <skipped/>
  </testcase> <!-- login -->
  <testcase name="login" time="0.000" classname="appium_Package.AppiumTest">
    <skipped/>
  </testcase> <!-- login -->
  <testcase name="login" time="0.000" classname="appium_Package.AppiumTest">
    <skipped/>
  </testcase> <!-- login -->
  <testcase name="login" time="0.000" classname="appium_Package.AppiumTest">
    <skipped/>
  </testcase> <!-- login -->
</testsuite> <!-- appium_Package.AppiumTest -->
